<?xml version="1.0" encoding="UTF-8"?>
<!-- Generated by org.testng.reporters.JUnitReportReporter -->
<testsuite skipped="0" hostname="INBL01LAP30350" name="users.Asc_Login_035" tests="1" failures="0" timestamp="2022-12-28T11:04:44 IST" time="14.681" errors="0">
  <testcase name="login" time="14.681" classname="users.Asc_Login_035"/>
  <system-out/>
</testsuite> <!-- users.Asc_Login_035 -->
