<?xml version="1.0" encoding="UTF-8"?>
<!-- Generated by org.testng.reporters.JUnitReportReporter -->
<testsuite skipped="0" hostname="INBL01LAP30350" name="users.Asc_Cilents_005" tests="1" failures="0" timestamp="2022-10-14T10:46:44 IST" time="6.325" errors="0">
  <testcase name="Tc_04" time="6.325" classname="users.Asc_Cilents_005"/>
  <system-out/>
</testsuite> <!-- users.Asc_Cilents_005 -->
