<?xml version="1.0" encoding="UTF-8"?>
<!-- Generated by org.testng.reporters.JUnitReportReporter -->
<testsuite skipped="0" hostname="INBL01LAP30350" name="users.Asc_ContactUs_072_Test" tests="1" failures="0" timestamp="2022-12-23T16:35:32 IST" time="14.739" errors="0">
  <testcase name="Tc_01" time="14.739" classname="users.Asc_ContactUs_072_Test"/>
  <system-out/>
</testsuite> <!-- users.Asc_ContactUs_072_Test -->
