<?xml version="1.0" encoding="UTF-8"?>
<!-- Generated by org.testng.reporters.JUnitReportReporter -->
<testsuite skipped="0" hostname="INBL01LAP30350" name="users.Asc_Cilents_051_Test" tests="1" failures="0" timestamp="2022-12-23T17:41:24 IST" time="9.393" errors="0">
  <testcase name="Tc_01" time="9.393" classname="users.Asc_Cilents_051_Test"/>
  <system-out/>
</testsuite> <!-- users.Asc_Cilents_051_Test -->
