<?xml version="1.0" encoding="UTF-8"?>
<!-- Generated by org.testng.reporters.JUnitReportReporter -->
<testsuite skipped="0" hostname="INBL01LAP30350" name="users.Asc_Services_049_Test" tests="1" failures="0" timestamp="2022-12-23T16:35:01 IST" time="14.963" errors="0">
  <testcase name="Tc_01" time="14.963" classname="users.Asc_Services_049_Test"/>
  <system-out/>
</testsuite> <!-- users.Asc_Services_049_Test -->
