<?xml version="1.0" encoding="UTF-8"?>
<!-- Generated by org.testng.reporters.JUnitReportReporter -->
<testsuite skipped="0" hostname="INBL01LAP30350" name="users.Asc_Home_045_Test" tests="1" failures="0" timestamp="2022-12-23T14:51:45 IST" time="11.024" errors="0">
  <testcase name="Tc_01" time="11.024" classname="users.Asc_Home_045_Test"/>
  <system-out/>
</testsuite> <!-- users.Asc_Home_045_Test -->
