<?xml version="1.0" encoding="UTF-8"?>
<!-- Generated by org.testng.reporters.JUnitReportReporter -->
<testsuite skipped="0" hostname="INBL01LAP30350" name="users.Asc_Services_002" tests="1" failures="0" timestamp="2022-10-14T10:42:40 IST" time="7.834" errors="0">
  <testcase name="Tc_02" time="7.834" classname="users.Asc_Services_002"/>
  <system-out/>
</testsuite> <!-- users.Asc_Services_002 -->
