<?xml version="1.0" encoding="UTF-8"?>
<!-- Generated by org.testng.reporters.JUnitReportReporter -->
<testsuite skipped="0" hostname="INBL01LAP30350" name="users.Asc_Services_003" tests="1" failures="0" timestamp="2022-10-14T10:42:40 IST" time="11.246" errors="0">
  <testcase name="Tc_03" time="11.246" classname="users.Asc_Services_003"/>
  <system-out/>
</testsuite> <!-- users.Asc_Services_003 -->
