<?xml version="1.0" encoding="UTF-8"?>
<!-- Generated by org.testng.reporters.JUnitReportReporter -->
<testsuite skipped="0" hostname="INBL01LAP30350" name="users.Asc_Ascenders_077" tests="1" failures="0" timestamp="2023-02-22T00:31:34 IST" time="26.820" errors="0">
  <testcase name="login" time="26.820" classname="users.Asc_Ascenders_077"/>
  <system-out>
3  </system-out>
</testsuite> <!-- users.Asc_Ascenders_077 -->
