<?xml version="1.0" encoding="UTF-8"?>
<!-- Generated by org.testng.reporters.JUnitReportReporter -->
<testsuite skipped="0" hostname="INBL01LAP30350" name="users.Asc_Home_001" tests="1" failures="0" timestamp="2022-10-14T10:42:40 IST" time="2.056" errors="0">
  <testcase name="Tc_01" time="2.056" classname="users.Asc_Home_001"/>
  <system-out/>
</testsuite> <!-- users.Asc_Home_001 -->
