<?xml version="1.0" encoding="UTF-8"?>
<!-- Generated by org.testng.reporters.JUnitReportReporter -->
<testsuite skipped="0" hostname="INBL01LAP30350" name="users.Asc_ContactUs_008" tests="1" failures="0" timestamp="2022-10-14T10:42:40 IST" time="12.595" errors="0">
  <testcase name="Tc_04" time="12.595" classname="users.Asc_ContactUs_008"/>
  <system-out/>
</testsuite> <!-- users.Asc_ContactUs_008 -->
